# JRE version: Java(TM) SE Runtime Environment (8.0_131-b11) (build 1.8.0_131-b11)
# Java VM: Java HotSpot(TM) 64-Bit Server VM (25.131-b11 mixed mode windows-amd64 compressed oops)
Heap:
 PSYoungGen      total 7168K, used 2453K [0x00000000eb300000, 0x00000000ebc00000, 0x0000000100000000)
  eden space 5632K, 16% used [0x00000000eb300000,0x00000000eb3e7668,0x00000000eb880000)
  from space 1536K, 99% used [0x00000000eb880000,0x00000000eb9fde18,0x00000000eba00000)
  to   space 1024K, 0% used [0x00000000eba00000,0x00000000eba00000,0x00000000ebb00000)
 ParOldGen       total 5632K, used 3122K [0x00000000c1800000, 0x00000000c1d80000, 0x00000000eb300000)
  object space 5632K, 55% used [0x00000000c1800000,0x00000000c1b0c9c8,0x00000000c1d80000)
 Metaspace       used 7403K, capacity 8180K, committed 8448K, reserved 1056768K
  class space    used 905K, capacity 944K, committed 1024K, reserved 1048576K
GC Heap History (10 events):
Event: 0.941 GC heap before
{Heap before GC invocations=3 (full 0):
 PSYoungGen      total 2048K, used 2048K [0x00000000eb300000, 0x00000000eb700000, 0x0000000100000000)
  eden space 1536K, 100% used [0x00000000eb300000,0x00000000eb480000,0x00000000eb480000)
  from space 512K, 100% used [0x00000000eb500000,0x00000000eb580000,0x00000000eb580000)
  to   space 512K, 0% used [0x00000000eb480000,0x00000000eb480000,0x00000000eb500000)
 ParOldGen       total 5632K, used 64K [0x00000000c1800000, 0x00000000c1d80000, 0x00000000eb300000)
  object space 5632K, 1% used [0x00000000c1800000,0x00000000c1810000,0x00000000c1d80000)
 Metaspace       used 4707K, capacity 5876K, committed 6016K, reserved 1056768K
  class space    used 583K, capacity 624K, committed 640K, reserved 1048576K
Event: 0.944 GC heap after
Heap after GC invocations=3 (full 0):
 PSYoungGen      total 2048K, used 496K [0x00000000eb300000, 0x00000000eb700000, 0x0000000100000000)
  eden space 1536K, 0% used [0x00000000eb300000,0x00000000eb300000,0x00000000eb480000)
  from space 512K, 96% used [0x00000000eb480000,0x00000000eb4fc020,0x00000000eb500000)
  to   space 512K, 0% used [0x00000000eb680000,0x00000000eb680000,0x00000000eb700000)
 ParOldGen       total 5632K, used 496K [0x00000000c1800000, 0x00000000c1d80000, 0x00000000eb300000)
  object space 5632K, 8% used [0x00000000c1800000,0x00000000c187c040,0x00000000c1d80000)
 Metaspace       used 4707K, capacity 5876K, committed 6016K, reserved 1056768K
  class space    used 583K, capacity 624K, committed 640K, reserved 1048576K
}
Event: 1.036 GC heap before
{Heap before GC invocations=4 (full 0):
 PSYoungGen      total 2048K, used 1914K [0x00000000eb300000, 0x00000000eb700000, 0x0000000100000000)
  eden space 1536K, 92% used [0x00000000eb300000,0x00000000eb462930,0x00000000eb480000)
  from space 512K, 96% used [0x00000000eb480000,0x00000000eb4fc020,0x00000000eb500000)
  to   space 512K, 0% used [0x00000000eb680000,0x00000000eb680000,0x00000000eb700000)
 ParOldGen       total 5632K, used 496K [0x00000000c1800000, 0x00000000c1d80000, 0x00000000eb300000)
  object space 5632K, 8% used [0x00000000c1800000,0x00000000c187c040,0x00000000c1d80000)
 Metaspace       used 5152K, capacity 6260K, committed 6400K, reserved 1056768K
  class space    used 639K, capacity 688K, committed 768K, reserved 1048576K
Event: 1.039 GC heap after
Heap after GC invocations=4 (full 0):
 PSYoungGen      total 3584K, used 511K [0x00000000eb300000, 0x00000000eb700000, 0x0000000100000000)
  eden space 3072K, 0% used [0x00000000eb300000,0x00000000eb300000,0x00000000eb600000)
  from space 512K, 99% used [0x00000000eb680000,0x00000000eb6ffc20,0x00000000eb700000)
  to   space 512K, 0% used [0x00000000eb600000,0x00000000eb600000,0x00000000eb680000)
 ParOldGen       total 5632K, used 596K [0x00000000c1800000, 0x00000000c1d80000, 0x00000000eb300000)
  object space 5632K, 10% used [0x00000000c1800000,0x00000000c1895050,0x00000000c1d80000)
 Metaspace       used 5152K, capacity 6260K, committed 6400K, reserved 1056768K
  class space    used 639K, capacity 688K, committed 768K, reserved 1048576K
}
Event: 1.404 GC heap before
{Heap before GC invocations=5 (full 0):
 PSYoungGen      total 3584K, used 3573K [0x00000000eb300000, 0x00000000eb700000, 0x0000000100000000)
  eden space 3072K, 99% used [0x00000000eb300000,0x00000000eb5fdb68,0x00000000eb600000)
  from space 512K, 99% used [0x00000000eb680000,0x00000000eb6ffc20,0x00000000eb700000)
  to   space 512K, 0% used [0x00000000eb600000,0x00000000eb600000,0x00000000eb680000)
 ParOldGen       total 5632K, used 596K [0x00000000c1800000, 0x00000000c1d80000, 0x00000000eb300000)
  object space 5632K, 10% used [0x00000000c1800000,0x00000000c1895050,0x00000000c1d80000)
 Metaspace       used 6263K, capacity 7380K, committed 7552K, reserved 1056768K
  class space    used 793K, capacity 848K, committed 896K, reserved 1048576K
Event: 1.415 GC heap after
Heap after GC invocations=5 (full 0):
 PSYoungGen      total 3584K, used 496K [0x00000000eb300000, 0x00000000ebb00000, 0x0000000100000000)
  eden space 3072K, 0% used [0x00000000eb300000,0x00000000eb300000,0x00000000eb600000)
  from space 512K, 96% used [0x00000000eb600000,0x00000000eb67c020,0x00000000eb680000)
  to   space 1024K, 0% used [0x00000000eba00000,0x00000000eba00000,0x00000000ebb00000)
 ParOldGen       total 5632K, used 912K [0x00000000c1800000, 0x00000000c1d80000, 0x00000000eb300000)
  object space 5632K, 16% used [0x00000000c1800000,0x00000000c18e4160,0x00000000c1d80000)
 Metaspace       used 6263K, capacity 7380K, committed 7552K, reserved 1056768K
  class space    used 793K, capacity 848K, committed 896K, reserved 1048576K
}
Event: 1.716 GC heap before
{Heap before GC invocations=6 (full 0):
 PSYoungGen      total 3584K, used 3288K [0x00000000eb300000, 0x00000000ebb00000, 0x0000000100000000)
  eden space 3072K, 90% used [0x00000000eb300000,0x00000000eb5ba288,0x00000000eb600000)
  from space 512K, 96% used [0x00000000eb600000,0x00000000eb67c020,0x00000000eb680000)
  to   space 1024K, 0% used [0x00000000eba00000,0x00000000eba00000,0x00000000ebb00000)
 ParOldGen       total 5632K, used 912K [0x00000000c1800000, 0x00000000c1d80000, 0x00000000eb300000)
  object space 5632K, 16% used [0x00000000c1800000,0x00000000c18e4160,0x00000000c1d80000)
 Metaspace       used 7361K, capacity 8180K, committed 8448K, reserved 1056768K
  class space    used 902K, capacity 944K, committed 1024K, reserved 1048576K
Event: 1.732 GC heap after
Heap after GC invocations=6 (full 0):
 PSYoungGen      total 6656K, used 1019K [0x00000000eb300000, 0x00000000ebc00000, 0x0000000100000000)
  eden space 5632K, 0% used [0x00000000eb300000,0x00000000eb300000,0x00000000eb880000)
  from space 1024K, 99% used [0x00000000eba00000,0x00000000ebafee50,0x00000000ebb00000)
  to   space 1536K, 0% used [0x00000000eb880000,0x00000000eb880000,0x00000000eba00000)
 ParOldGen       total 5632K, used 975K [0x00000000c1800000, 0x00000000c1d80000, 0x00000000eb300000)
  object space 5632K, 17% used [0x00000000c1800000,0x00000000c18f3f80,0x00000000c1d80000)
 Metaspace       used 7361K, capacity 8180K, committed 8448K, reserved 1056768K
  class space    used 902K, capacity 944K, committed 1024K, reserved 1048576K
}
Event: 1.978 GC heap before
{Heap before GC invocations=7 (full 0):
 PSYoungGen      total 6656K, used 6203K [0x00000000eb300000, 0x00000000ebc00000, 0x0000000100000000)
  eden space 5632K, 92% used [0x00000000eb300000,0x00000000eb80ff28,0x00000000eb880000)
  from space 1024K, 99% used [0x00000000eba00000,0x00000000ebafee50,0x00000000ebb00000)
  to   space 1536K, 0% used [0x00000000eb880000,0x00000000eb880000,0x00000000eba00000)
 ParOldGen       total 5632K, used 975K [0x00000000c1800000, 0x00000000c1d80000, 0x00000000eb300000)
  object space 5632K, 17% used [0x00000000c1800000,0x00000000c18f3f80,0x00000000c1d80000)
 Metaspace       used 7378K, capacity 8180K, committed 8448K, reserved 1056768K
  class space    used 902K, capacity 944K, committed 1024K, reserved 1048576K
Event: 1.991 GC heap after
Heap after GC invocations=7 (full 0):
 PSYoungGen      total 7168K, used 1527K [0x00000000eb300000, 0x00000000ebc00000, 0x0000000100000000)
  eden space 5632K, 0% used [0x00000000eb300000,0x00000000eb300000,0x00000000eb880000)
  from space 1536K, 99% used [0x00000000eb880000,0x00000000eb9fde18,0x00000000eba00000)
  to   space 1024K, 0% used [0x00000000eba00000,0x00000000eba00000,0x00000000ebb00000)
 ParOldGen       total 5632K, used 3122K [0x00000000c1800000, 0x00000000c1d80000, 0x00000000eb300000)
  object space 5632K, 55% used [0x00000000c1800000,0x00000000c1b0c9c8,0x00000000c1d80000)
 Metaspace       used 7378K, capacity 8180K, committed 8448K, reserved 1056768K
  class space    used 902K, capacity 944K, committed 1024K, reserved 1048576K
}

